{"/Users/utkarsh.gupta/Desktop/react/password_manager/src/constants.js": {"path":"/Users/utkarsh.gupta/Desktop/react/password_manager/src/constants.js","statementMap":{"0":{"start":{"line":1,"column":23},"end":{"line":1,"column":53}}},"fnMap":{},"branchMap":{},"s":{"0":3},"f":{},"b":{},"_coverageSchema":"1a1c01bbd47fc00a2c39e90264f33305004495a9","hash":"961932a4552f7d8e9967aa168f427aa4eab9365b"}
,"/Users/utkarsh.gupta/Desktop/react/password_manager/src/components/authenticated/Authenticated.jsx": {"path":"/Users/utkarsh.gupta/Desktop/react/password_manager/src/components/authenticated/Authenticated.jsx","statementMap":{"0":{"start":{"line":9,"column":28},"end":{"line":9,"column":43}},"1":{"start":{"line":10,"column":20},"end":{"line":12,"column":3}},"2":{"start":{"line":11,"column":4},"end":{"line":11,"column":19}},"3":{"start":{"line":13,"column":21},"end":{"line":15,"column":3}},"4":{"start":{"line":14,"column":4},"end":{"line":14,"column":20}},"5":{"start":{"line":16,"column":2},"end":{"line":31,"column":4}}},"fnMap":{"0":{"name":"Authenticated","decl":{"start":{"line":8,"column":9},"end":{"line":8,"column":22}},"loc":{"start":{"line":8,"column":25},"end":{"line":32,"column":1}},"line":8},"1":{"name":"(anonymous_1)","decl":{"start":{"line":10,"column":20},"end":{"line":10,"column":21}},"loc":{"start":{"line":10,"column":26},"end":{"line":12,"column":3}},"line":10},"2":{"name":"(anonymous_2)","decl":{"start":{"line":13,"column":21},"end":{"line":13,"column":22}},"loc":{"start":{"line":13,"column":27},"end":{"line":15,"column":3}},"line":13}},"branchMap":{},"s":{"0":3,"1":3,"2":0,"3":3,"4":0,"5":3},"f":{"0":3,"1":0,"2":0},"b":{},"_coverageSchema":"1a1c01bbd47fc00a2c39e90264f33305004495a9","hash":"a616f60e5bf1a0df6eb32166130047b0a37d2d9d"}
,"/Users/utkarsh.gupta/Desktop/react/password_manager/src/components/authenticated/add_credential/AddCredential.jsx": {"path":"/Users/utkarsh.gupta/Desktop/react/password_manager/src/components/authenticated/add_credential/AddCredential.jsx","statementMap":{"0":{"start":{"line":16,"column":26},"end":{"line":209,"column":1}},"1":{"start":{"line":17,"column":23},"end":{"line":17,"column":45}},"2":{"start":{"line":18,"column":37},"end":{"line":18,"column":61}},"3":{"start":{"line":19,"column":19},"end":{"line":49,"column":3}},"4":{"start":{"line":20,"column":4},"end":{"line":27,"column":6}},"5":{"start":{"line":28,"column":4},"end":{"line":48,"column":5}},"6":{"start":{"line":29,"column":23},"end":{"line":31,"column":8}},"7":{"start":{"line":32,"column":6},"end":{"line":44,"column":7}},"8":{"start":{"line":33,"column":8},"end":{"line":33,"column":72}},"9":{"start":{"line":34,"column":8},"end":{"line":39,"column":11}},"10":{"start":{"line":40,"column":8},"end":{"line":43,"column":11}},"11":{"start":{"line":46,"column":6},"end":{"line":46,"column":25}},"12":{"start":{"line":47,"column":6},"end":{"line":47,"column":34}},"13":{"start":{"line":51,"column":34},"end":{"line":56,"column":4}},"14":{"start":{"line":58,"column":42},"end":{"line":58,"column":57}},"15":{"start":{"line":59,"column":30},"end":{"line":59,"column":42}},"16":{"start":{"line":61,"column":23},"end":{"line":63,"column":3}},"17":{"start":{"line":62,"column":4},"end":{"line":62,"column":66}},"18":{"start":{"line":65,"column":27},"end":{"line":67,"column":3}},"19":{"start":{"line":66,"column":4},"end":{"line":66,"column":46}},"20":{"start":{"line":69,"column":34},"end":{"line":71,"column":3}},"21":{"start":{"line":70,"column":4},"end":{"line":70,"column":35}},"22":{"start":{"line":73,"column":23},"end":{"line":81,"column":3}},"23":{"start":{"line":74,"column":21},"end":{"line":74,"column":23}},"24":{"start":{"line":75,"column":4},"end":{"line":75,"column":64}},"25":{"start":{"line":75,"column":25},"end":{"line":75,"column":64}},"26":{"start":{"line":76,"column":4},"end":{"line":76,"column":73}},"27":{"start":{"line":76,"column":28},"end":{"line":76,"column":73}},"28":{"start":{"line":77,"column":4},"end":{"line":77,"column":73}},"29":{"start":{"line":77,"column":28},"end":{"line":77,"column":73}},"30":{"start":{"line":78,"column":4},"end":{"line":78,"column":70}},"31":{"start":{"line":78,"column":27},"end":{"line":78,"column":70}},"32":{"start":{"line":79,"column":4},"end":{"line":79,"column":26}},"33":{"start":{"line":80,"column":4},"end":{"line":80,"column":48}},"34":{"start":{"line":83,"column":23},"end":{"line":89,"column":3}},"35":{"start":{"line":84,"column":4},"end":{"line":84,"column":23}},"36":{"start":{"line":85,"column":4},"end":{"line":88,"column":5}},"37":{"start":{"line":86,"column":6},"end":{"line":86,"column":25}},"38":{"start":{"line":87,"column":6},"end":{"line":87,"column":46}},"39":{"start":{"line":91,"column":25},"end":{"line":99,"column":3}},"40":{"start":{"line":92,"column":4},"end":{"line":97,"column":7}},"41":{"start":{"line":98,"column":4},"end":{"line":98,"column":18}},"42":{"start":{"line":101,"column":2},"end":{"line":208,"column":4}},"43":{"start":{"line":128,"column":31},"end":{"line":128,"column":56}},"44":{"start":{"line":148,"column":41},"end":{"line":148,"column":69}},"45":{"start":{"line":171,"column":41},"end":{"line":171,"column":69}},"46":{"start":{"line":190,"column":41},"end":{"line":190,"column":68}}},"fnMap":{"0":{"name":"(anonymous_0)","decl":{"start":{"line":16,"column":26},"end":{"line":16,"column":27}},"loc":{"start":{"line":16,"column":32},"end":{"line":209,"column":1}},"line":16},"1":{"name":"(anonymous_1)","decl":{"start":{"line":19,"column":19},"end":{"line":19,"column":20}},"loc":{"start":{"line":19,"column":35},"end":{"line":49,"column":3}},"line":19},"2":{"name":"(anonymous_2)","decl":{"start":{"line":61,"column":23},"end":{"line":61,"column":24}},"loc":{"start":{"line":61,"column":30},"end":{"line":63,"column":3}},"line":61},"3":{"name":"(anonymous_3)","decl":{"start":{"line":65,"column":27},"end":{"line":65,"column":28}},"loc":{"start":{"line":65,"column":38},"end":{"line":67,"column":3}},"line":65},"4":{"name":"(anonymous_4)","decl":{"start":{"line":69,"column":34},"end":{"line":69,"column":35}},"loc":{"start":{"line":69,"column":40},"end":{"line":71,"column":3}},"line":69},"5":{"name":"(anonymous_5)","decl":{"start":{"line":73,"column":23},"end":{"line":73,"column":24}},"loc":{"start":{"line":73,"column":29},"end":{"line":81,"column":3}},"line":73},"6":{"name":"(anonymous_6)","decl":{"start":{"line":83,"column":23},"end":{"line":83,"column":24}},"loc":{"start":{"line":83,"column":30},"end":{"line":89,"column":3}},"line":83},"7":{"name":"(anonymous_7)","decl":{"start":{"line":91,"column":25},"end":{"line":91,"column":26}},"loc":{"start":{"line":91,"column":31},"end":{"line":99,"column":3}},"line":91},"8":{"name":"(anonymous_8)","decl":{"start":{"line":128,"column":25},"end":{"line":128,"column":26}},"loc":{"start":{"line":128,"column":31},"end":{"line":128,"column":56}},"line":128},"9":{"name":"(anonymous_9)","decl":{"start":{"line":148,"column":35},"end":{"line":148,"column":36}},"loc":{"start":{"line":148,"column":41},"end":{"line":148,"column":69}},"line":148},"10":{"name":"(anonymous_10)","decl":{"start":{"line":171,"column":35},"end":{"line":171,"column":36}},"loc":{"start":{"line":171,"column":41},"end":{"line":171,"column":69}},"line":171},"11":{"name":"(anonymous_11)","decl":{"start":{"line":190,"column":35},"end":{"line":190,"column":36}},"loc":{"start":{"line":190,"column":41},"end":{"line":190,"column":68}},"line":190}},"branchMap":{"0":{"loc":{"start":{"line":32,"column":6},"end":{"line":44,"column":7}},"type":"if","locations":[{"start":{"line":32,"column":6},"end":{"line":44,"column":7}},{"start":{},"end":{}}],"line":32},"1":{"loc":{"start":{"line":75,"column":4},"end":{"line":75,"column":64}},"type":"if","locations":[{"start":{"line":75,"column":4},"end":{"line":75,"column":64}},{"start":{},"end":{}}],"line":75},"2":{"loc":{"start":{"line":76,"column":4},"end":{"line":76,"column":73}},"type":"if","locations":[{"start":{"line":76,"column":4},"end":{"line":76,"column":73}},{"start":{},"end":{}}],"line":76},"3":{"loc":{"start":{"line":77,"column":4},"end":{"line":77,"column":73}},"type":"if","locations":[{"start":{"line":77,"column":4},"end":{"line":77,"column":73}},{"start":{},"end":{}}],"line":77},"4":{"loc":{"start":{"line":78,"column":4},"end":{"line":78,"column":70}},"type":"if","locations":[{"start":{"line":78,"column":4},"end":{"line":78,"column":70}},{"start":{},"end":{}}],"line":78},"5":{"loc":{"start":{"line":85,"column":4},"end":{"line":88,"column":5}},"type":"if","locations":[{"start":{"line":85,"column":4},"end":{"line":88,"column":5}},{"start":{},"end":{}}],"line":85},"6":{"loc":{"start":{"line":160,"column":14},"end":{"line":160,"column":48}},"type":"cond-expr","locations":[{"start":{"line":160,"column":29},"end":{"line":160,"column":35}},{"start":{"line":160,"column":38},"end":{"line":160,"column":48}}],"line":160},"7":{"loc":{"start":{"line":169,"column":17},"end":{"line":169,"column":66}},"type":"cond-expr","locations":[{"start":{"line":169,"column":32},"end":{"line":169,"column":49}},{"start":{"line":169,"column":52},"end":{"line":169,"column":66}}],"line":169}},"s":{"0":1,"1":16,"2":16,"3":16,"4":1,"5":1,"6":1,"7":1,"8":1,"9":1,"10":1,"11":0,"12":0,"13":16,"14":16,"15":16,"16":16,"17":8,"18":16,"19":0,"20":16,"21":0,"22":16,"23":2,"24":2,"25":1,"26":2,"27":1,"28":2,"29":1,"30":2,"31":1,"32":2,"33":2,"34":16,"35":2,"36":2,"37":1,"38":1,"39":16,"40":1,"41":1,"42":16,"43":0,"44":0,"45":0,"46":0},"f":{"0":16,"1":1,"2":8,"3":0,"4":0,"5":2,"6":2,"7":1,"8":0,"9":0,"10":0,"11":0},"b":{"0":[1,0],"1":[1,1],"2":[1,1],"3":[1,1],"4":[1,1],"5":[1,1],"6":[0,16],"7":[0,16]},"_coverageSchema":"1a1c01bbd47fc00a2c39e90264f33305004495a9","hash":"f7073a648d5f694cbbb283d0c93ca44135a6cb41"}
,"/Users/utkarsh.gupta/Desktop/react/password_manager/src/components/authenticated/card/Card.jsx": {"path":"/Users/utkarsh.gupta/Desktop/react/password_manager/src/components/authenticated/card/Card.jsx","statementMap":{"0":{"start":{"line":12,"column":13},"end":{"line":114,"column":1}},"1":{"start":{"line":13,"column":23},"end":{"line":13,"column":45}},"2":{"start":{"line":14,"column":22},"end":{"line":21,"column":3}},"3":{"start":{"line":15,"column":21},"end":{"line":17,"column":6}},"4":{"start":{"line":18,"column":4},"end":{"line":20,"column":5}},"5":{"start":{"line":19,"column":6},"end":{"line":19,"column":70}},"6":{"start":{"line":23,"column":42},"end":{"line":23,"column":57}},"7":{"start":{"line":24,"column":36},"end":{"line":24,"column":51}},"8":{"start":{"line":26,"column":35},"end":{"line":28,"column":3}},"9":{"start":{"line":27,"column":4},"end":{"line":27,"column":35}},"10":{"start":{"line":29,"column":21},"end":{"line":31,"column":3}},"11":{"start":{"line":30,"column":4},"end":{"line":30,"column":23}},"12":{"start":{"line":33,"column":21},"end":{"line":50,"column":3}},"13":{"start":{"line":35,"column":4},"end":{"line":48,"column":5}},"14":{"start":{"line":36,"column":23},"end":{"line":42,"column":7}},"15":{"start":{"line":43,"column":6},"end":{"line":45,"column":7}},"16":{"start":{"line":44,"column":8},"end":{"line":44,"column":74}},"17":{"start":{"line":47,"column":6},"end":{"line":47,"column":36}},"18":{"start":{"line":49,"column":4},"end":{"line":49,"column":24}},"19":{"start":{"line":52,"column":23},"end":{"line":54,"column":3}},"20":{"start":{"line":53,"column":4},"end":{"line":53,"column":24}},"21":{"start":{"line":56,"column":26},"end":{"line":58,"column":3}},"22":{"start":{"line":57,"column":4},"end":{"line":57,"column":44}},"23":{"start":{"line":59,"column":2},"end":{"line":70,"column":3}},"24":{"start":{"line":60,"column":4},"end":{"line":69,"column":6}},"25":{"start":{"line":71,"column":2},"end":{"line":113,"column":4}}},"fnMap":{"0":{"name":"(anonymous_0)","decl":{"start":{"line":12,"column":13},"end":{"line":12,"column":14}},"loc":{"start":{"line":12,"column":61},"end":{"line":114,"column":1}},"line":12},"1":{"name":"(anonymous_1)","decl":{"start":{"line":14,"column":22},"end":{"line":14,"column":23}},"loc":{"start":{"line":14,"column":34},"end":{"line":21,"column":3}},"line":14},"2":{"name":"(anonymous_2)","decl":{"start":{"line":26,"column":35},"end":{"line":26,"column":36}},"loc":{"start":{"line":26,"column":41},"end":{"line":28,"column":3}},"line":26},"3":{"name":"(anonymous_3)","decl":{"start":{"line":29,"column":21},"end":{"line":29,"column":22}},"loc":{"start":{"line":29,"column":27},"end":{"line":31,"column":3}},"line":29},"4":{"name":"(anonymous_4)","decl":{"start":{"line":33,"column":21},"end":{"line":33,"column":22}},"loc":{"start":{"line":33,"column":44},"end":{"line":50,"column":3}},"line":33},"5":{"name":"(anonymous_5)","decl":{"start":{"line":52,"column":23},"end":{"line":52,"column":24}},"loc":{"start":{"line":52,"column":29},"end":{"line":54,"column":3}},"line":52},"6":{"name":"(anonymous_6)","decl":{"start":{"line":56,"column":26},"end":{"line":56,"column":27}},"loc":{"start":{"line":56,"column":32},"end":{"line":58,"column":3}},"line":56}},"branchMap":{"0":{"loc":{"start":{"line":18,"column":4},"end":{"line":20,"column":5}},"type":"if","locations":[{"start":{"line":18,"column":4},"end":{"line":20,"column":5}},{"start":{},"end":{}}],"line":18},"1":{"loc":{"start":{"line":43,"column":6},"end":{"line":45,"column":7}},"type":"if","locations":[{"start":{"line":43,"column":6},"end":{"line":45,"column":7}},{"start":{},"end":{}}],"line":43},"2":{"loc":{"start":{"line":59,"column":2},"end":{"line":70,"column":3}},"type":"if","locations":[{"start":{"line":59,"column":2},"end":{"line":70,"column":3}},{"start":{},"end":{}}],"line":59},"3":{"loc":{"start":{"line":83,"column":16},"end":{"line":83,"column":50}},"type":"cond-expr","locations":[{"start":{"line":83,"column":31},"end":{"line":83,"column":37}},{"start":{"line":83,"column":40},"end":{"line":83,"column":50}}],"line":83},"4":{"loc":{"start":{"line":88,"column":11},"end":{"line":88,"column":41}},"type":"cond-expr","locations":[{"start":{"line":88,"column":26},"end":{"line":88,"column":32}},{"start":{"line":88,"column":35},"end":{"line":88,"column":41}}],"line":88}},"s":{"0":1,"1":11,"2":11,"3":1,"4":1,"5":1,"6":11,"7":11,"8":11,"9":2,"10":11,"11":2,"12":11,"13":1,"14":1,"15":1,"16":1,"17":0,"18":1,"19":11,"20":1,"21":11,"22":0,"23":11,"24":2,"25":9},"f":{"0":11,"1":1,"2":2,"3":2,"4":1,"5":1,"6":0},"b":{"0":[1,0],"1":[1,0],"2":[2,9],"3":[1,8],"4":[1,8]},"_coverageSchema":"1a1c01bbd47fc00a2c39e90264f33305004495a9","hash":"ea7fa295e4484968cb2502ad9d64131b2722d744"}
,"/Users/utkarsh.gupta/Desktop/react/password_manager/src/components/authenticated/card/CustomInput.jsx": {"path":"/Users/utkarsh.gupta/Desktop/react/password_manager/src/components/authenticated/card/CustomInput.jsx","statementMap":{"0":{"start":{"line":4,"column":2},"end":{"line":15,"column":4}},"1":{"start":{"line":10,"column":25},"end":{"line":10,"column":49}}},"fnMap":{"0":{"name":"CustomInput","decl":{"start":{"line":3,"column":9},"end":{"line":3,"column":20}},"loc":{"start":{"line":3,"column":55},"end":{"line":16,"column":1}},"line":3},"1":{"name":"(anonymous_1)","decl":{"start":{"line":10,"column":18},"end":{"line":10,"column":19}},"loc":{"start":{"line":10,"column":25},"end":{"line":10,"column":49}},"line":10}},"branchMap":{},"s":{"0":42,"1":3},"f":{"0":42,"1":3},"b":{},"_coverageSchema":"1a1c01bbd47fc00a2c39e90264f33305004495a9","hash":"f7fa709d208cd036729b0a4beb55808966c70422"}
,"/Users/utkarsh.gupta/Desktop/react/password_manager/src/components/authenticated/card/EditCard.jsx": {"path":"/Users/utkarsh.gupta/Desktop/react/password_manager/src/components/authenticated/card/EditCard.jsx","statementMap":{"0":{"start":{"line":4,"column":21},"end":{"line":102,"column":1}},"1":{"start":{"line":12,"column":42},"end":{"line":12,"column":57}},"2":{"start":{"line":13,"column":34},"end":{"line":13,"column":49}},"3":{"start":{"line":14,"column":40},"end":{"line":14,"column":58}},"4":{"start":{"line":15,"column":40},"end":{"line":15,"column":58}},"5":{"start":{"line":16,"column":38},"end":{"line":16,"column":55}},"6":{"start":{"line":17,"column":30},"end":{"line":17,"column":42}},"7":{"start":{"line":19,"column":35},"end":{"line":21,"column":3}},"8":{"start":{"line":20,"column":4},"end":{"line":20,"column":35}},"9":{"start":{"line":23,"column":19},"end":{"line":31,"column":3}},"10":{"start":{"line":24,"column":21},"end":{"line":24,"column":23}},"11":{"start":{"line":25,"column":4},"end":{"line":25,"column":58}},"12":{"start":{"line":25,"column":19},"end":{"line":25,"column":58}},"13":{"start":{"line":26,"column":4},"end":{"line":26,"column":67}},"14":{"start":{"line":26,"column":22},"end":{"line":26,"column":67}},"15":{"start":{"line":27,"column":4},"end":{"line":28,"column":69}},"16":{"start":{"line":28,"column":6},"end":{"line":28,"column":69}},"17":{"start":{"line":29,"column":4},"end":{"line":29,"column":26}},"18":{"start":{"line":30,"column":4},"end":{"line":30,"column":48}},"19":{"start":{"line":33,"column":21},"end":{"line":42,"column":3}},"20":{"start":{"line":34,"column":4},"end":{"line":41,"column":5}},"21":{"start":{"line":35,"column":6},"end":{"line":40,"column":9}},"22":{"start":{"line":44,"column":2},"end":{"line":101,"column":4}},"23":{"start":{"line":79,"column":25},"end":{"line":79,"column":55}}},"fnMap":{"0":{"name":"(anonymous_0)","decl":{"start":{"line":4,"column":21},"end":{"line":4,"column":22}},"loc":{"start":{"line":11,"column":6},"end":{"line":102,"column":1}},"line":11},"1":{"name":"(anonymous_1)","decl":{"start":{"line":19,"column":35},"end":{"line":19,"column":36}},"loc":{"start":{"line":19,"column":41},"end":{"line":21,"column":3}},"line":19},"2":{"name":"(anonymous_2)","decl":{"start":{"line":23,"column":19},"end":{"line":23,"column":20}},"loc":{"start":{"line":23,"column":25},"end":{"line":31,"column":3}},"line":23},"3":{"name":"(anonymous_3)","decl":{"start":{"line":33,"column":21},"end":{"line":33,"column":22}},"loc":{"start":{"line":33,"column":27},"end":{"line":42,"column":3}},"line":33},"4":{"name":"(anonymous_4)","decl":{"start":{"line":79,"column":18},"end":{"line":79,"column":19}},"loc":{"start":{"line":79,"column":25},"end":{"line":79,"column":55}},"line":79}},"branchMap":{"0":{"loc":{"start":{"line":25,"column":4},"end":{"line":25,"column":58}},"type":"if","locations":[{"start":{"line":25,"column":4},"end":{"line":25,"column":58}},{"start":{},"end":{}}],"line":25},"1":{"loc":{"start":{"line":26,"column":4},"end":{"line":26,"column":67}},"type":"if","locations":[{"start":{"line":26,"column":4},"end":{"line":26,"column":67}},{"start":{},"end":{}}],"line":26},"2":{"loc":{"start":{"line":27,"column":4},"end":{"line":28,"column":69}},"type":"if","locations":[{"start":{"line":27,"column":4},"end":{"line":28,"column":69}},{"start":{},"end":{}}],"line":27},"3":{"loc":{"start":{"line":34,"column":4},"end":{"line":41,"column":5}},"type":"if","locations":[{"start":{"line":34,"column":4},"end":{"line":41,"column":5}},{"start":{},"end":{}}],"line":34},"4":{"loc":{"start":{"line":51,"column":7},"end":{"line":55,"column":7}},"type":"binary-expr","locations":[{"start":{"line":51,"column":7},"end":{"line":51,"column":13}},{"start":{"line":51,"column":17},"end":{"line":51,"column":29}},{"start":{"line":52,"column":8},"end":{"line":54,"column":12}}],"line":51},"5":{"loc":{"start":{"line":61,"column":7},"end":{"line":65,"column":7}},"type":"binary-expr","locations":[{"start":{"line":61,"column":7},"end":{"line":61,"column":13}},{"start":{"line":61,"column":17},"end":{"line":61,"column":32}},{"start":{"line":62,"column":8},"end":{"line":64,"column":12}}],"line":61},"6":{"loc":{"start":{"line":77,"column":14},"end":{"line":77,"column":48}},"type":"cond-expr","locations":[{"start":{"line":77,"column":29},"end":{"line":77,"column":35}},{"start":{"line":77,"column":38},"end":{"line":77,"column":48}}],"line":77},"7":{"loc":{"start":{"line":83,"column":7},"end":{"line":87,"column":7}},"type":"binary-expr","locations":[{"start":{"line":83,"column":7},"end":{"line":83,"column":13}},{"start":{"line":83,"column":17},"end":{"line":83,"column":32}},{"start":{"line":84,"column":8},"end":{"line":86,"column":12}}],"line":83},"8":{"loc":{"start":{"line":90,"column":9},"end":{"line":90,"column":39}},"type":"cond-expr","locations":[{"start":{"line":90,"column":24},"end":{"line":90,"column":30}},{"start":{"line":90,"column":33},"end":{"line":90,"column":39}}],"line":90}},"s":{"0":2,"1":14,"2":14,"3":14,"4":14,"5":14,"6":14,"7":14,"8":2,"9":14,"10":2,"11":2,"12":1,"13":2,"14":1,"15":2,"16":1,"17":2,"18":2,"19":14,"20":2,"21":1,"22":14,"23":1},"f":{"0":14,"1":2,"2":2,"3":2,"4":1},"b":{"0":[1,1],"1":[1,1],"2":[1,1],"3":[1,1],"4":[14,14,1],"5":[14,14,1],"6":[1,13],"7":[14,14,1],"8":[1,13]},"_coverageSchema":"1a1c01bbd47fc00a2c39e90264f33305004495a9","hash":"77978aaf32011ec8a670bb662dce4520e7f1d386"}
,"/Users/utkarsh.gupta/Desktop/react/password_manager/src/components/authenticated/edit_profile/EditProfile.jsx": {"path":"/Users/utkarsh.gupta/Desktop/react/password_manager/src/components/authenticated/edit_profile/EditProfile.jsx","statementMap":{"0":{"start":{"line":6,"column":20},"end":{"line":153,"column":1}},"1":{"start":{"line":7,"column":43},"end":{"line":7,"column":58}},"2":{"start":{"line":8,"column":19},"end":{"line":8,"column":35}},"3":{"start":{"line":9,"column":34},"end":{"line":15,"column":4}},"4":{"start":{"line":17,"column":30},"end":{"line":17,"column":42}},"5":{"start":{"line":19,"column":23},"end":{"line":21,"column":3}},"6":{"start":{"line":20,"column":4},"end":{"line":20,"column":66}},"7":{"start":{"line":23,"column":23},"end":{"line":38,"column":3}},"8":{"start":{"line":24,"column":21},"end":{"line":24,"column":23}},"9":{"start":{"line":25,"column":4},"end":{"line":25,"column":73}},"10":{"start":{"line":25,"column":28},"end":{"line":25,"column":73}},"11":{"start":{"line":26,"column":4},"end":{"line":27,"column":58}},"12":{"start":{"line":27,"column":6},"end":{"line":27,"column":58}},"13":{"start":{"line":28,"column":4},"end":{"line":28,"column":73}},"14":{"start":{"line":28,"column":28},"end":{"line":28,"column":73}},"15":{"start":{"line":29,"column":4},"end":{"line":30,"column":69}},"16":{"start":{"line":30,"column":6},"end":{"line":30,"column":69}},"17":{"start":{"line":31,"column":4},"end":{"line":32,"column":80}},"18":{"start":{"line":32,"column":6},"end":{"line":32,"column":80}},"19":{"start":{"line":33,"column":4},"end":{"line":34,"column":69}},"20":{"start":{"line":34,"column":6},"end":{"line":34,"column":69}},"21":{"start":{"line":36,"column":4},"end":{"line":36,"column":26}},"22":{"start":{"line":37,"column":4},"end":{"line":37,"column":48}},"23":{"start":{"line":40,"column":23},"end":{"line":50,"column":3}},"24":{"start":{"line":41,"column":4},"end":{"line":41,"column":23}},"25":{"start":{"line":42,"column":4},"end":{"line":49,"column":5}},"26":{"start":{"line":43,"column":6},"end":{"line":48,"column":8}},"27":{"start":{"line":52,"column":2},"end":{"line":152,"column":4}}},"fnMap":{"0":{"name":"(anonymous_0)","decl":{"start":{"line":6,"column":20},"end":{"line":6,"column":21}},"loc":{"start":{"line":6,"column":26},"end":{"line":153,"column":1}},"line":6},"1":{"name":"(anonymous_1)","decl":{"start":{"line":19,"column":23},"end":{"line":19,"column":24}},"loc":{"start":{"line":19,"column":30},"end":{"line":21,"column":3}},"line":19},"2":{"name":"(anonymous_2)","decl":{"start":{"line":23,"column":23},"end":{"line":23,"column":24}},"loc":{"start":{"line":23,"column":29},"end":{"line":38,"column":3}},"line":23},"3":{"name":"(anonymous_3)","decl":{"start":{"line":40,"column":23},"end":{"line":40,"column":24}},"loc":{"start":{"line":40,"column":36},"end":{"line":50,"column":3}},"line":40}},"branchMap":{"0":{"loc":{"start":{"line":25,"column":4},"end":{"line":25,"column":73}},"type":"if","locations":[{"start":{"line":25,"column":4},"end":{"line":25,"column":73}},{"start":{},"end":{}}],"line":25},"1":{"loc":{"start":{"line":26,"column":4},"end":{"line":27,"column":58}},"type":"if","locations":[{"start":{"line":26,"column":4},"end":{"line":27,"column":58}},{"start":{},"end":{}}],"line":26},"2":{"loc":{"start":{"line":28,"column":4},"end":{"line":28,"column":73}},"type":"if","locations":[{"start":{"line":28,"column":4},"end":{"line":28,"column":73}},{"start":{},"end":{}}],"line":28},"3":{"loc":{"start":{"line":29,"column":4},"end":{"line":30,"column":69}},"type":"if","locations":[{"start":{"line":29,"column":4},"end":{"line":30,"column":69}},{"start":{},"end":{}}],"line":29},"4":{"loc":{"start":{"line":31,"column":4},"end":{"line":32,"column":80}},"type":"if","locations":[{"start":{"line":31,"column":4},"end":{"line":32,"column":80}},{"start":{},"end":{}}],"line":31},"5":{"loc":{"start":{"line":31,"column":8},"end":{"line":31,"column":76}},"type":"binary-expr","locations":[{"start":{"line":31,"column":8},"end":{"line":31,"column":40}},{"start":{"line":31,"column":44},"end":{"line":31,"column":76}}],"line":31},"6":{"loc":{"start":{"line":33,"column":4},"end":{"line":34,"column":69}},"type":"if","locations":[{"start":{"line":33,"column":4},"end":{"line":34,"column":69}},{"start":{},"end":{}}],"line":33},"7":{"loc":{"start":{"line":42,"column":4},"end":{"line":49,"column":5}},"type":"if","locations":[{"start":{"line":42,"column":4},"end":{"line":49,"column":5}},{"start":{},"end":{}}],"line":42}},"s":{"0":1,"1":1,"2":1,"3":1,"4":1,"5":1,"6":0,"7":1,"8":0,"9":0,"10":0,"11":0,"12":0,"13":0,"14":0,"15":0,"16":0,"17":0,"18":0,"19":0,"20":0,"21":0,"22":0,"23":1,"24":0,"25":0,"26":0,"27":1},"f":{"0":1,"1":0,"2":0,"3":0},"b":{"0":[0,0],"1":[0,0],"2":[0,0],"3":[0,0],"4":[0,0],"5":[0,0],"6":[0,0],"7":[0,0]},"_coverageSchema":"1a1c01bbd47fc00a2c39e90264f33305004495a9","hash":"3795f740db597feecad1af90cebea0f58be186b9"}
,"/Users/utkarsh.gupta/Desktop/react/password_manager/src/components/authenticated/navbar/Navbar.jsx": {"path":"/Users/utkarsh.gupta/Desktop/react/password_manager/src/components/authenticated/navbar/Navbar.jsx","statementMap":{"0":{"start":{"line":10,"column":15},"end":{"line":37,"column":1}},"1":{"start":{"line":12,"column":21},"end":{"line":12,"column":32}},"2":{"start":{"line":13,"column":19},"end":{"line":13,"column":35}},"3":{"start":{"line":14,"column":19},"end":{"line":14,"column":32}},"4":{"start":{"line":15,"column":2},"end":{"line":36,"column":4}},"5":{"start":{"line":18,"column":27},"end":{"line":18,"column":39}},"6":{"start":{"line":19,"column":27},"end":{"line":19,"column":51}},"7":{"start":{"line":25,"column":12},"end":{"line":25,"column":25}},"8":{"start":{"line":26,"column":12},"end":{"line":26,"column":24}}},"fnMap":{"0":{"name":"(anonymous_0)","decl":{"start":{"line":10,"column":15},"end":{"line":10,"column":16}},"loc":{"start":{"line":10,"column":34},"end":{"line":37,"column":1}},"line":10},"1":{"name":"(anonymous_1)","decl":{"start":{"line":18,"column":21},"end":{"line":18,"column":22}},"loc":{"start":{"line":18,"column":27},"end":{"line":18,"column":39}},"line":18},"2":{"name":"(anonymous_2)","decl":{"start":{"line":19,"column":21},"end":{"line":19,"column":22}},"loc":{"start":{"line":19,"column":27},"end":{"line":19,"column":51}},"line":19},"3":{"name":"(anonymous_3)","decl":{"start":{"line":24,"column":19},"end":{"line":24,"column":20}},"loc":{"start":{"line":24,"column":25},"end":{"line":27,"column":11}},"line":24}},"branchMap":{},"s":{"0":2,"1":10,"2":10,"3":10,"4":10,"5":1,"6":2,"7":1,"8":1},"f":{"0":10,"1":1,"2":2,"3":1},"b":{},"_coverageSchema":"1a1c01bbd47fc00a2c39e90264f33305004495a9","hash":"cc357edb097d21122ccdd49a8498d632ab884d81"}
,"/Users/utkarsh.gupta/Desktop/react/password_manager/src/components/authenticated/search_box/SearchBox.jsx": {"path":"/Users/utkarsh.gupta/Desktop/react/password_manager/src/components/authenticated/search_box/SearchBox.jsx","statementMap":{"0":{"start":{"line":6,"column":23},"end":{"line":6,"column":45}},"1":{"start":{"line":7,"column":30},"end":{"line":7,"column":48}},"2":{"start":{"line":8,"column":23},"end":{"line":11,"column":3}},"3":{"start":{"line":9,"column":4},"end":{"line":9,"column":58}},"4":{"start":{"line":10,"column":4},"end":{"line":10,"column":30}},"5":{"start":{"line":12,"column":2},"end":{"line":22,"column":4}}},"fnMap":{"0":{"name":"SearchBox","decl":{"start":{"line":5,"column":9},"end":{"line":5,"column":18}},"loc":{"start":{"line":5,"column":21},"end":{"line":23,"column":1}},"line":5},"1":{"name":"(anonymous_1)","decl":{"start":{"line":8,"column":23},"end":{"line":8,"column":24}},"loc":{"start":{"line":8,"column":30},"end":{"line":11,"column":3}},"line":8}},"branchMap":{},"s":{"0":12,"1":12,"2":12,"3":0,"4":0,"5":12},"f":{"0":12,"1":0},"b":{},"_coverageSchema":"1a1c01bbd47fc00a2c39e90264f33305004495a9","hash":"9f9ec2847864e15f02f69908820d5fd6a82e3e63"}
,"/Users/utkarsh.gupta/Desktop/react/password_manager/src/context/AuthContext.jsx": {"path":"/Users/utkarsh.gupta/Desktop/react/password_manager/src/context/AuthContext.jsx","statementMap":{"0":{"start":{"line":3,"column":27},"end":{"line":3,"column":44}},"1":{"start":{"line":5,"column":20},"end":{"line":14,"column":1}},"2":{"start":{"line":6,"column":2},"end":{"line":13,"column":3}},"3":{"start":{"line":8,"column":6},"end":{"line":8,"column":38}},"4":{"start":{"line":10,"column":6},"end":{"line":10,"column":28}},"5":{"start":{"line":12,"column":6},"end":{"line":12,"column":19}},"6":{"start":{"line":16,"column":35},"end":{"line":41,"column":1}},"7":{"start":{"line":20,"column":28},"end":{"line":22,"column":4}},"8":{"start":{"line":24,"column":2},"end":{"line":29,"column":9}},"9":{"start":{"line":25,"column":17},"end":{"line":25,"column":57}},"10":{"start":{"line":26,"column":4},"end":{"line":28,"column":5}},"11":{"start":{"line":27,"column":6},"end":{"line":27,"column":49}},"12":{"start":{"line":31,"column":2},"end":{"line":35,"column":4}},"13":{"start":{"line":36,"column":2},"end":{"line":40,"column":4}}},"fnMap":{"0":{"name":"(anonymous_0)","decl":{"start":{"line":5,"column":20},"end":{"line":5,"column":21}},"loc":{"start":{"line":5,"column":39},"end":{"line":14,"column":1}},"line":5},"1":{"name":"(anonymous_1)","decl":{"start":{"line":16,"column":35},"end":{"line":16,"column":36}},"loc":{"start":{"line":16,"column":53},"end":{"line":41,"column":1}},"line":16},"2":{"name":"(anonymous_2)","decl":{"start":{"line":24,"column":12},"end":{"line":24,"column":13}},"loc":{"start":{"line":24,"column":18},"end":{"line":29,"column":3}},"line":24}},"branchMap":{"0":{"loc":{"start":{"line":6,"column":2},"end":{"line":13,"column":3}},"type":"switch","locations":[{"start":{"line":7,"column":4},"end":{"line":8,"column":38}},{"start":{"line":9,"column":4},"end":{"line":10,"column":28}},{"start":{"line":11,"column":4},"end":{"line":12,"column":19}}],"line":6},"1":{"loc":{"start":{"line":26,"column":4},"end":{"line":28,"column":5}},"type":"if","locations":[{"start":{"line":26,"column":4},"end":{"line":28,"column":5}},{"start":{},"end":{}}],"line":26}},"s":{"0":2,"1":2,"2":0,"3":0,"4":0,"5":0,"6":2,"7":0,"8":0,"9":0,"10":0,"11":0,"12":0,"13":0},"f":{"0":0,"1":0,"2":0},"b":{"0":[0,0,0],"1":[0,0]},"_coverageSchema":"1a1c01bbd47fc00a2c39e90264f33305004495a9","hash":"cb0f63997391709904d457ea3bd11f3f9878b348"}
,"/Users/utkarsh.gupta/Desktop/react/password_manager/src/context/CredentialContext.jsx": {"path":"/Users/utkarsh.gupta/Desktop/react/password_manager/src/context/CredentialContext.jsx","statementMap":{"0":{"start":{"line":3,"column":33},"end":{"line":3,"column":50}},"1":{"start":{"line":5,"column":20},"end":{"line":52,"column":1}},"2":{"start":{"line":6,"column":2},"end":{"line":51,"column":3}},"3":{"start":{"line":8,"column":6},"end":{"line":11,"column":8}},"4":{"start":{"line":13,"column":6},"end":{"line":16,"column":8}},"5":{"start":{"line":18,"column":6},"end":{"line":23,"column":8}},"6":{"start":{"line":19,"column":53},"end":{"line":19,"column":78}},"7":{"start":{"line":21,"column":17},"end":{"line":21,"column":42}},"8":{"start":{"line":25,"column":6},"end":{"line":30,"column":7}},"9":{"start":{"line":26,"column":8},"end":{"line":29,"column":10}},"10":{"start":{"line":31,"column":6},"end":{"line":39,"column":8}},"11":{"start":{"line":35,"column":12},"end":{"line":37,"column":47}},"12":{"start":{"line":41,"column":6},"end":{"line":48,"column":8}},"13":{"start":{"line":43,"column":10},"end":{"line":43,"column":57}},"14":{"start":{"line":46,"column":10},"end":{"line":46,"column":57}},"15":{"start":{"line":50,"column":6},"end":{"line":50,"column":19}},"16":{"start":{"line":54,"column":41},"end":{"line":73,"column":1}},"17":{"start":{"line":58,"column":28},"end":{"line":61,"column":4}},"18":{"start":{"line":63,"column":2},"end":{"line":67,"column":4}},"19":{"start":{"line":68,"column":2},"end":{"line":72,"column":4}}},"fnMap":{"0":{"name":"(anonymous_0)","decl":{"start":{"line":5,"column":20},"end":{"line":5,"column":21}},"loc":{"start":{"line":5,"column":39},"end":{"line":52,"column":1}},"line":5},"1":{"name":"(anonymous_1)","decl":{"start":{"line":19,"column":46},"end":{"line":19,"column":47}},"loc":{"start":{"line":19,"column":53},"end":{"line":19,"column":78}},"line":19},"2":{"name":"(anonymous_2)","decl":{"start":{"line":21,"column":10},"end":{"line":21,"column":11}},"loc":{"start":{"line":21,"column":17},"end":{"line":21,"column":42}},"line":21},"3":{"name":"(anonymous_3)","decl":{"start":{"line":34,"column":10},"end":{"line":34,"column":11}},"loc":{"start":{"line":35,"column":12},"end":{"line":37,"column":47}},"line":35},"4":{"name":"(anonymous_4)","decl":{"start":{"line":42,"column":43},"end":{"line":42,"column":44}},"loc":{"start":{"line":43,"column":10},"end":{"line":43,"column":57}},"line":43},"5":{"name":"(anonymous_5)","decl":{"start":{"line":45,"column":59},"end":{"line":45,"column":60}},"loc":{"start":{"line":46,"column":10},"end":{"line":46,"column":57}},"line":46},"6":{"name":"(anonymous_6)","decl":{"start":{"line":54,"column":41},"end":{"line":54,"column":42}},"loc":{"start":{"line":54,"column":59},"end":{"line":73,"column":1}},"line":54}},"branchMap":{"0":{"loc":{"start":{"line":6,"column":2},"end":{"line":51,"column":3}},"type":"switch","locations":[{"start":{"line":7,"column":4},"end":{"line":11,"column":8}},{"start":{"line":12,"column":4},"end":{"line":16,"column":8}},{"start":{"line":17,"column":4},"end":{"line":23,"column":8}},{"start":{"line":24,"column":4},"end":{"line":39,"column":8}},{"start":{"line":40,"column":4},"end":{"line":48,"column":8}},{"start":{"line":49,"column":4},"end":{"line":50,"column":19}}],"line":6},"1":{"loc":{"start":{"line":25,"column":6},"end":{"line":30,"column":7}},"type":"if","locations":[{"start":{"line":25,"column":6},"end":{"line":30,"column":7}},{"start":{},"end":{}}],"line":25},"2":{"loc":{"start":{"line":35,"column":12},"end":{"line":37,"column":47}},"type":"binary-expr","locations":[{"start":{"line":35,"column":12},"end":{"line":35,"column":44}},{"start":{"line":36,"column":12},"end":{"line":36,"column":46}},{"start":{"line":37,"column":12},"end":{"line":37,"column":47}}],"line":35},"3":{"loc":{"start":{"line":43,"column":10},"end":{"line":43,"column":57}},"type":"cond-expr","locations":[{"start":{"line":43,"column":39},"end":{"line":43,"column":53}},{"start":{"line":43,"column":56},"end":{"line":43,"column":57}}],"line":43},"4":{"loc":{"start":{"line":46,"column":10},"end":{"line":46,"column":57}},"type":"cond-expr","locations":[{"start":{"line":46,"column":39},"end":{"line":46,"column":53}},{"start":{"line":46,"column":56},"end":{"line":46,"column":57}}],"line":46}},"s":{"0":4,"1":4,"2":0,"3":0,"4":0,"5":0,"6":0,"7":0,"8":0,"9":0,"10":0,"11":0,"12":0,"13":0,"14":0,"15":0,"16":4,"17":3,"18":3,"19":3},"f":{"0":0,"1":0,"2":0,"3":0,"4":0,"5":0,"6":3},"b":{"0":[0,0,0,0,0,0],"1":[0,0],"2":[0,0,0],"3":[0,0],"4":[0,0]},"_coverageSchema":"1a1c01bbd47fc00a2c39e90264f33305004495a9","hash":"602cbfb8c0e8fc906c48f73f95c3164817ae4be9"}
,"/Users/utkarsh.gupta/Desktop/react/password_manager/src/context/ToastContext.jsx": {"path":"/Users/utkarsh.gupta/Desktop/react/password_manager/src/context/ToastContext.jsx","statementMap":{"0":{"start":{"line":5,"column":28},"end":{"line":5,"column":45}},"1":{"start":{"line":7,"column":22},"end":{"line":17,"column":1}},"2":{"start":{"line":19,"column":21},"end":{"line":32,"column":1}},"3":{"start":{"line":20,"column":2},"end":{"line":31,"column":3}},"4":{"start":{"line":22,"column":6},"end":{"line":22,"column":49}},"5":{"start":{"line":23,"column":6},"end":{"line":23,"column":19}},"6":{"start":{"line":26,"column":6},"end":{"line":26,"column":51}},"7":{"start":{"line":27,"column":6},"end":{"line":27,"column":19}},"8":{"start":{"line":30,"column":6},"end":{"line":30,"column":19}},"9":{"start":{"line":34,"column":36},"end":{"line":42,"column":1}},"10":{"start":{"line":35,"column":28},"end":{"line":35,"column":56}},"11":{"start":{"line":37,"column":2},"end":{"line":41,"column":4}}},"fnMap":{"0":{"name":"(anonymous_0)","decl":{"start":{"line":19,"column":21},"end":{"line":19,"column":22}},"loc":{"start":{"line":19,"column":40},"end":{"line":32,"column":1}},"line":19},"1":{"name":"(anonymous_1)","decl":{"start":{"line":34,"column":36},"end":{"line":34,"column":37}},"loc":{"start":{"line":34,"column":54},"end":{"line":42,"column":1}},"line":34}},"branchMap":{"0":{"loc":{"start":{"line":20,"column":2},"end":{"line":31,"column":3}},"type":"switch","locations":[{"start":{"line":21,"column":4},"end":{"line":23,"column":19}},{"start":{"line":25,"column":4},"end":{"line":27,"column":19}},{"start":{"line":29,"column":4},"end":{"line":30,"column":19}}],"line":20}},"s":{"0":4,"1":4,"2":4,"3":0,"4":0,"5":0,"6":0,"7":0,"8":0,"9":4,"10":0,"11":0},"f":{"0":0,"1":0},"b":{"0":[0,0,0]},"_coverageSchema":"1a1c01bbd47fc00a2c39e90264f33305004495a9","hash":"c067f03afe37a9d4bcdefcb53d07cd055e653d14"}
,"/Users/utkarsh.gupta/Desktop/react/password_manager/src/hooks/useAuthContext.js": {"path":"/Users/utkarsh.gupta/Desktop/react/password_manager/src/hooks/useAuthContext.js","statementMap":{"0":{"start":{"line":4,"column":30},"end":{"line":12,"column":1}},"1":{"start":{"line":5,"column":18},"end":{"line":5,"column":41}},"2":{"start":{"line":7,"column":2},"end":{"line":9,"column":3}},"3":{"start":{"line":8,"column":4},"end":{"line":8,"column":77}},"4":{"start":{"line":11,"column":2},"end":{"line":11,"column":17}}},"fnMap":{"0":{"name":"(anonymous_0)","decl":{"start":{"line":4,"column":30},"end":{"line":4,"column":31}},"loc":{"start":{"line":4,"column":36},"end":{"line":12,"column":1}},"line":4}},"branchMap":{"0":{"loc":{"start":{"line":7,"column":2},"end":{"line":9,"column":3}},"type":"if","locations":[{"start":{"line":7,"column":2},"end":{"line":9,"column":3}},{"start":{},"end":{}}],"line":7}},"s":{"0":2,"1":0,"2":0,"3":0,"4":0},"f":{"0":0},"b":{"0":[0,0]},"_coverageSchema":"1a1c01bbd47fc00a2c39e90264f33305004495a9","hash":"f12b1773376453edba3c3f064647b403ee280a3b"}
,"/Users/utkarsh.gupta/Desktop/react/password_manager/src/hooks/useCredentialContext.js": {"path":"/Users/utkarsh.gupta/Desktop/react/password_manager/src/hooks/useCredentialContext.js","statementMap":{"0":{"start":{"line":4,"column":36},"end":{"line":11,"column":1}},"1":{"start":{"line":5,"column":18},"end":{"line":5,"column":47}},"2":{"start":{"line":7,"column":2},"end":{"line":9,"column":3}},"3":{"start":{"line":8,"column":4},"end":{"line":8,"column":67}},"4":{"start":{"line":10,"column":2},"end":{"line":10,"column":17}}},"fnMap":{"0":{"name":"(anonymous_0)","decl":{"start":{"line":4,"column":36},"end":{"line":4,"column":37}},"loc":{"start":{"line":4,"column":42},"end":{"line":11,"column":1}},"line":4}},"branchMap":{"0":{"loc":{"start":{"line":7,"column":2},"end":{"line":9,"column":3}},"type":"if","locations":[{"start":{"line":7,"column":2},"end":{"line":9,"column":3}},{"start":{},"end":{}}],"line":7}},"s":{"0":4,"1":12,"2":12,"3":0,"4":12},"f":{"0":12},"b":{"0":[0,12]},"_coverageSchema":"1a1c01bbd47fc00a2c39e90264f33305004495a9","hash":"b6a4208f245f2480709b5a608088e7e992812732"}
,"/Users/utkarsh.gupta/Desktop/react/password_manager/src/hooks/useLogout.js": {"path":"/Users/utkarsh.gupta/Desktop/react/password_manager/src/hooks/useLogout.js","statementMap":{"0":{"start":{"line":5,"column":25},"end":{"line":17,"column":1}},"1":{"start":{"line":6,"column":23},"end":{"line":6,"column":39}},"2":{"start":{"line":7,"column":34},"end":{"line":7,"column":58}},"3":{"start":{"line":9,"column":17},"end":{"line":14,"column":3}},"4":{"start":{"line":11,"column":4},"end":{"line":11,"column":36}},"5":{"start":{"line":12,"column":4},"end":{"line":12,"column":33}},"6":{"start":{"line":13,"column":4},"end":{"line":13,"column":71}},"7":{"start":{"line":16,"column":2},"end":{"line":16,"column":20}}},"fnMap":{"0":{"name":"(anonymous_0)","decl":{"start":{"line":5,"column":25},"end":{"line":5,"column":26}},"loc":{"start":{"line":5,"column":31},"end":{"line":17,"column":1}},"line":5},"1":{"name":"(anonymous_1)","decl":{"start":{"line":9,"column":17},"end":{"line":9,"column":18}},"loc":{"start":{"line":9,"column":23},"end":{"line":14,"column":3}},"line":9}},"branchMap":{},"s":{"0":2,"1":0,"2":0,"3":0,"4":0,"5":0,"6":0,"7":0},"f":{"0":0,"1":0},"b":{},"_coverageSchema":"1a1c01bbd47fc00a2c39e90264f33305004495a9","hash":"e05fcff86fc4f92a05e5577cdba71ef79791e918"}
,"/Users/utkarsh.gupta/Desktop/react/password_manager/src/hooks/useUpdateUser.js": {"path":"/Users/utkarsh.gupta/Desktop/react/password_manager/src/hooks/useUpdateUser.js","statementMap":{"0":{"start":{"line":7,"column":29},"end":{"line":37,"column":1}},"1":{"start":{"line":8,"column":28},"end":{"line":8,"column":42}},"2":{"start":{"line":9,"column":36},"end":{"line":9,"column":51}},"3":{"start":{"line":10,"column":23},"end":{"line":10,"column":39}},"4":{"start":{"line":11,"column":34},"end":{"line":11,"column":58}},"5":{"start":{"line":12,"column":21},"end":{"line":35,"column":3}},"6":{"start":{"line":13,"column":4},"end":{"line":13,"column":23}},"7":{"start":{"line":14,"column":4},"end":{"line":14,"column":19}},"8":{"start":{"line":15,"column":4},"end":{"line":34,"column":5}},"9":{"start":{"line":16,"column":23},"end":{"line":25,"column":7}},"10":{"start":{"line":26,"column":6},"end":{"line":30,"column":7}},"11":{"start":{"line":27,"column":8},"end":{"line":27,"column":73}},"12":{"start":{"line":28,"column":8},"end":{"line":28,"column":65}},"13":{"start":{"line":29,"column":8},"end":{"line":29,"column":76}},"14":{"start":{"line":33,"column":6},"end":{"line":33,"column":44}},"15":{"start":{"line":36,"column":2},"end":{"line":36,"column":42}}},"fnMap":{"0":{"name":"(anonymous_0)","decl":{"start":{"line":7,"column":29},"end":{"line":7,"column":30}},"loc":{"start":{"line":7,"column":35},"end":{"line":37,"column":1}},"line":7},"1":{"name":"(anonymous_1)","decl":{"start":{"line":12,"column":21},"end":{"line":12,"column":22}},"loc":{"start":{"line":12,"column":78},"end":{"line":35,"column":3}},"line":12}},"branchMap":{"0":{"loc":{"start":{"line":26,"column":6},"end":{"line":30,"column":7}},"type":"if","locations":[{"start":{"line":26,"column":6},"end":{"line":30,"column":7}},{"start":{},"end":{}}],"line":26}},"s":{"0":1,"1":1,"2":1,"3":1,"4":1,"5":1,"6":0,"7":0,"8":0,"9":0,"10":0,"11":0,"12":0,"13":0,"14":0,"15":1},"f":{"0":1,"1":0},"b":{"0":[0,0]},"_coverageSchema":"1a1c01bbd47fc00a2c39e90264f33305004495a9","hash":"c02532bde3df78591bb4b41e54e78888c82bcc5f"}
}
