TN:
SF:src/constants.js
FNF:0
FNH:0
DA:1,3
LF:1
LH:1
BRF:0
BRH:0
end_of_record
TN:
SF:src/components/authenticated/Authenticated.jsx
FN:8,Authenticated
FN:10,(anonymous_1)
FN:13,(anonymous_2)
FNF:3
FNH:1
FNDA:3,Authenticated
FNDA:0,(anonymous_1)
FNDA:0,(anonymous_2)
DA:9,3
DA:10,3
DA:11,0
DA:13,3
DA:14,0
DA:16,3
LF:6
LH:4
BRF:0
BRH:0
end_of_record
TN:
SF:src/components/authenticated/add_credential/AddCredential.jsx
FN:16,(anonymous_0)
FN:19,(anonymous_1)
FN:61,(anonymous_2)
FN:65,(anonymous_3)
FN:69,(anonymous_4)
FN:73,(anonymous_5)
FN:83,(anonymous_6)
FN:91,(anonymous_7)
FN:128,(anonymous_8)
FN:148,(anonymous_9)
FN:171,(anonymous_10)
FN:190,(anonymous_11)
FNF:12
FNH:6
FNDA:16,(anonymous_0)
FNDA:1,(anonymous_1)
FNDA:8,(anonymous_2)
FNDA:0,(anonymous_3)
FNDA:0,(anonymous_4)
FNDA:2,(anonymous_5)
FNDA:2,(anonymous_6)
FNDA:1,(anonymous_7)
FNDA:0,(anonymous_8)
FNDA:0,(anonymous_9)
FNDA:0,(anonymous_10)
FNDA:0,(anonymous_11)
DA:16,1
DA:17,16
DA:18,16
DA:19,16
DA:20,1
DA:28,1
DA:29,1
DA:32,1
DA:33,1
DA:34,1
DA:40,1
DA:46,0
DA:47,0
DA:51,16
DA:58,16
DA:59,16
DA:61,16
DA:62,8
DA:65,16
DA:66,0
DA:69,16
DA:70,0
DA:73,16
DA:74,2
DA:75,2
DA:76,2
DA:77,2
DA:78,2
DA:79,2
DA:80,2
DA:83,16
DA:84,2
DA:85,2
DA:86,1
DA:87,1
DA:91,16
DA:92,1
DA:98,1
DA:101,16
DA:128,0
DA:148,0
DA:171,0
DA:190,0
LF:43
LH:35
BRDA:32,0,0,1
BRDA:32,0,1,0
BRDA:75,1,0,1
BRDA:75,1,1,1
BRDA:76,2,0,1
BRDA:76,2,1,1
BRDA:77,3,0,1
BRDA:77,3,1,1
BRDA:78,4,0,1
BRDA:78,4,1,1
BRDA:85,5,0,1
BRDA:85,5,1,1
BRDA:160,6,0,0
BRDA:160,6,1,16
BRDA:169,7,0,0
BRDA:169,7,1,16
BRF:16
BRH:13
end_of_record
TN:
SF:src/components/authenticated/card/Card.jsx
FN:12,(anonymous_0)
FN:14,(anonymous_1)
FN:26,(anonymous_2)
FN:29,(anonymous_3)
FN:33,(anonymous_4)
FN:52,(anonymous_5)
FN:56,(anonymous_6)
FNF:7
FNH:6
FNDA:11,(anonymous_0)
FNDA:1,(anonymous_1)
FNDA:2,(anonymous_2)
FNDA:2,(anonymous_3)
FNDA:1,(anonymous_4)
FNDA:1,(anonymous_5)
FNDA:0,(anonymous_6)
DA:12,1
DA:13,11
DA:14,11
DA:15,1
DA:18,1
DA:19,1
DA:23,11
DA:24,11
DA:26,11
DA:27,2
DA:29,11
DA:30,2
DA:33,11
DA:35,1
DA:36,1
DA:43,1
DA:44,1
DA:47,0
DA:49,1
DA:52,11
DA:53,1
DA:56,11
DA:57,0
DA:59,11
DA:60,2
DA:71,9
LF:26
LH:24
BRDA:18,0,0,1
BRDA:18,0,1,0
BRDA:43,1,0,1
BRDA:43,1,1,0
BRDA:59,2,0,2
BRDA:59,2,1,9
BRDA:83,3,0,1
BRDA:83,3,1,8
BRDA:88,4,0,1
BRDA:88,4,1,8
BRF:10
BRH:8
end_of_record
TN:
SF:src/components/authenticated/card/CustomInput.jsx
FN:3,CustomInput
FN:10,(anonymous_1)
FNF:2
FNH:2
FNDA:42,CustomInput
FNDA:3,(anonymous_1)
DA:4,42
DA:10,3
LF:2
LH:2
BRF:0
BRH:0
end_of_record
TN:
SF:src/components/authenticated/card/EditCard.jsx
FN:4,(anonymous_0)
FN:19,(anonymous_1)
FN:23,(anonymous_2)
FN:33,(anonymous_3)
FN:79,(anonymous_4)
FNF:5
FNH:5
FNDA:14,(anonymous_0)
FNDA:2,(anonymous_1)
FNDA:2,(anonymous_2)
FNDA:2,(anonymous_3)
FNDA:1,(anonymous_4)
DA:4,2
DA:12,14
DA:13,14
DA:14,14
DA:15,14
DA:16,14
DA:17,14
DA:19,14
DA:20,2
DA:23,14
DA:24,2
DA:25,2
DA:26,2
DA:27,2
DA:28,1
DA:29,2
DA:30,2
DA:33,14
DA:34,2
DA:35,1
DA:44,14
DA:79,1
LF:22
LH:22
BRDA:25,0,0,1
BRDA:25,0,1,1
BRDA:26,1,0,1
BRDA:26,1,1,1
BRDA:27,2,0,1
BRDA:27,2,1,1
BRDA:34,3,0,1
BRDA:34,3,1,1
BRDA:51,4,0,14
BRDA:51,4,1,14
BRDA:51,4,2,1
BRDA:61,5,0,14
BRDA:61,5,1,14
BRDA:61,5,2,1
BRDA:77,6,0,1
BRDA:77,6,1,13
BRDA:83,7,0,14
BRDA:83,7,1,14
BRDA:83,7,2,1
BRDA:90,8,0,1
BRDA:90,8,1,13
BRF:21
BRH:21
end_of_record
TN:
SF:src/components/authenticated/edit_profile/EditProfile.jsx
FN:6,(anonymous_0)
FN:19,(anonymous_1)
FN:23,(anonymous_2)
FN:40,(anonymous_3)
FNF:4
FNH:1
FNDA:1,(anonymous_0)
FNDA:0,(anonymous_1)
FNDA:0,(anonymous_2)
FNDA:0,(anonymous_3)
DA:6,1
DA:7,1
DA:8,1
DA:9,1
DA:17,1
DA:19,1
DA:20,0
DA:23,1
DA:24,0
DA:25,0
DA:26,0
DA:27,0
DA:28,0
DA:29,0
DA:30,0
DA:31,0
DA:32,0
DA:33,0
DA:34,0
DA:36,0
DA:37,0
DA:40,1
DA:41,0
DA:42,0
DA:43,0
DA:52,1
LF:26
LH:9
BRDA:25,0,0,0
BRDA:25,0,1,0
BRDA:26,1,0,0
BRDA:26,1,1,0
BRDA:28,2,0,0
BRDA:28,2,1,0
BRDA:29,3,0,0
BRDA:29,3,1,0
BRDA:31,4,0,0
BRDA:31,4,1,0
BRDA:31,5,0,0
BRDA:31,5,1,0
BRDA:33,6,0,0
BRDA:33,6,1,0
BRDA:42,7,0,0
BRDA:42,7,1,0
BRF:16
BRH:0
end_of_record
TN:
SF:src/components/authenticated/navbar/Navbar.jsx
FN:10,(anonymous_0)
FN:18,(anonymous_1)
FN:19,(anonymous_2)
FN:24,(anonymous_3)
FNF:4
FNH:4
FNDA:10,(anonymous_0)
FNDA:1,(anonymous_1)
FNDA:2,(anonymous_2)
FNDA:1,(anonymous_3)
DA:10,2
DA:12,10
DA:13,10
DA:14,10
DA:15,10
DA:18,1
DA:19,2
DA:25,1
DA:26,1
LF:9
LH:9
BRF:0
BRH:0
end_of_record
TN:
SF:src/components/authenticated/search_box/SearchBox.jsx
FN:5,SearchBox
FN:8,(anonymous_1)
FNF:2
FNH:1
FNDA:12,SearchBox
FNDA:0,(anonymous_1)
DA:6,12
DA:7,12
DA:8,12
DA:9,0
DA:10,0
DA:12,12
LF:6
LH:4
BRF:0
BRH:0
end_of_record
TN:
SF:src/context/AuthContext.jsx
FN:5,(anonymous_0)
FN:16,(anonymous_1)
FN:24,(anonymous_2)
FNF:3
FNH:0
FNDA:0,(anonymous_0)
FNDA:0,(anonymous_1)
FNDA:0,(anonymous_2)
DA:3,2
DA:5,2
DA:6,0
DA:8,0
DA:10,0
DA:12,0
DA:16,2
DA:20,0
DA:24,0
DA:25,0
DA:26,0
DA:27,0
DA:31,0
DA:36,0
LF:14
LH:3
BRDA:6,0,0,0
BRDA:6,0,1,0
BRDA:6,0,2,0
BRDA:26,1,0,0
BRDA:26,1,1,0
BRF:5
BRH:0
end_of_record
TN:
SF:src/context/CredentialContext.jsx
FN:5,(anonymous_0)
FN:19,(anonymous_1)
FN:21,(anonymous_2)
FN:34,(anonymous_3)
FN:42,(anonymous_4)
FN:45,(anonymous_5)
FN:54,(anonymous_6)
FNF:7
FNH:1
FNDA:0,(anonymous_0)
FNDA:0,(anonymous_1)
FNDA:0,(anonymous_2)
FNDA:0,(anonymous_3)
FNDA:0,(anonymous_4)
FNDA:0,(anonymous_5)
FNDA:3,(anonymous_6)
DA:3,4
DA:5,4
DA:6,0
DA:8,0
DA:13,0
DA:18,0
DA:19,0
DA:21,0
DA:25,0
DA:26,0
DA:31,0
DA:35,0
DA:41,0
DA:43,0
DA:46,0
DA:50,0
DA:54,4
DA:58,3
DA:63,3
DA:68,3
LF:20
LH:6
BRDA:6,0,0,0
BRDA:6,0,1,0
BRDA:6,0,2,0
BRDA:6,0,3,0
BRDA:6,0,4,0
BRDA:6,0,5,0
BRDA:25,1,0,0
BRDA:25,1,1,0
BRDA:35,2,0,0
BRDA:35,2,1,0
BRDA:35,2,2,0
BRDA:43,3,0,0
BRDA:43,3,1,0
BRDA:46,4,0,0
BRDA:46,4,1,0
BRF:15
BRH:0
end_of_record
TN:
SF:src/context/ToastContext.jsx
FN:19,(anonymous_0)
FN:34,(anonymous_1)
FNF:2
FNH:0
FNDA:0,(anonymous_0)
FNDA:0,(anonymous_1)
DA:5,4
DA:7,4
DA:19,4
DA:20,0
DA:22,0
DA:23,0
DA:26,0
DA:27,0
DA:30,0
DA:34,4
DA:35,0
DA:37,0
LF:12
LH:4
BRDA:20,0,0,0
BRDA:20,0,1,0
BRDA:20,0,2,0
BRF:3
BRH:0
end_of_record
TN:
SF:src/hooks/useAuthContext.js
FN:4,(anonymous_0)
FNF:1
FNH:0
FNDA:0,(anonymous_0)
DA:4,2
DA:5,0
DA:7,0
DA:8,0
DA:11,0
LF:5
LH:1
BRDA:7,0,0,0
BRDA:7,0,1,0
BRF:2
BRH:0
end_of_record
TN:
SF:src/hooks/useCredentialContext.js
FN:4,(anonymous_0)
FNF:1
FNH:1
FNDA:12,(anonymous_0)
DA:4,4
DA:5,12
DA:7,12
DA:8,0
DA:10,12
LF:5
LH:4
BRDA:7,0,0,0
BRDA:7,0,1,12
BRF:2
BRH:1
end_of_record
TN:
SF:src/hooks/useLogout.js
FN:5,(anonymous_0)
FN:9,(anonymous_1)
FNF:2
FNH:0
FNDA:0,(anonymous_0)
FNDA:0,(anonymous_1)
DA:5,2
DA:6,0
DA:7,0
DA:9,0
DA:11,0
DA:12,0
DA:13,0
DA:16,0
LF:8
LH:1
BRF:0
BRH:0
end_of_record
TN:
SF:src/hooks/useUpdateUser.js
FN:7,(anonymous_0)
FN:12,(anonymous_1)
FNF:2
FNH:1
FNDA:1,(anonymous_0)
FNDA:0,(anonymous_1)
DA:7,1
DA:8,1
DA:9,1
DA:10,1
DA:11,1
DA:12,1
DA:13,0
DA:14,0
DA:15,0
DA:16,0
DA:26,0
DA:27,0
DA:28,0
DA:29,0
DA:33,0
DA:36,1
LF:16
LH:7
BRDA:26,0,0,0
BRDA:26,0,1,0
BRF:2
BRH:0
end_of_record
